<?xml version="1.0" encoding="UTF-8"?>
<testsuite xmlns:xsi="http://www.w3.org/2001/XMLSchema-instance" xsi:noNamespaceSchemaLocation="https://maven.apache.org/surefire/maven-surefire-plugin/xsd/surefire-test-report-3.0.xsd" version="3.0" name="com.securitygateway.loginandsignup.LoginAndSignupApplicationTests" time="28.64" tests="1" errors="0" skipped="0" failures="0">
  <properties>
[...]
</properties>
  <testcase name="contextLoads" classname="com.securitygateway.loginandsignup.LoginAndSignupApplicationTests" time="1.986">
    <system-out><![CDATA[18:23:22.404 [main] INFO org.springframework.test.context.support.AnnotationConfigContextLoaderUtils -- Could not detect default configuration classes for test class [com.securitygateway.loginandsignup.LoginAndSignupApplicationTests]: LoginAndSignupApplicationTests does not declare any static, non-private, non-final, nested classes annotated with @Configuration.
18:23:23.079 [main] INFO org.springframework.boot.test.context.SpringBootTestContextBootstrapper -- Found @SpringBootConfiguration com.securitygateway.loginandsignup.LoginAndSignupApplication for test class com.securitygateway.loginandsignup.LoginAndSignupApplicationTests
18:23:24.189 [main] INFO org.springframework.boot.devtools.restart.RestartApplicationListener -- Restart disabled due to context in which it is running
  .   ____          _            __ _ _
 /\\ / ___'_ __ _ _(_)_ __  __ _ \ \ \ \
( ( )\___ | '_ | '_| | '_ \/ _` | \ \ \ \
 \\/  ___)| |_)| | | | | || (_| |  ) ) ) )
  '  |____| .__|_| |_|_| |_\__, | / / / /
 =========|_|==============|___/=/_/_/_/

 :: Spring Boot ::                (v3.3.0)

2024-11-09T18:23:25.481+06:00  INFO 11704 --- [LoginAndSignup] [           main] c.s.l.LoginAndSignupApplicationTests     : Starting LoginAndSignupApplicationTests using Java 18 with PID 11704 (started by nahar.asha in D:\spring project\Jwt-Authentication-Authorization-for-SpringBoot-3.3.1)
2024-11-09T18:23:25.489+06:00  INFO 11704 --- [LoginAndSignup] [           main] c.s.l.LoginAndSignupApplicationTests     : No active profile set, falling back to 1 default profile: "default"
2024-11-09T18:23:30.983+06:00  INFO 11704 --- [LoginAndSignup] [           main] .s.d.r.c.RepositoryConfigurationDelegate : Bootstrapping Spring Data JPA repositories in DEFAULT mode.
2024-11-09T18:23:31.236+06:00  INFO 11704 --- [LoginAndSignup] [           main] .s.d.r.c.RepositoryConfigurationDelegate : Finished Spring Data repository scanning in 214 ms. Found 1 JPA repository interface.
2024-11-09T18:23:34.142+06:00  INFO 11704 --- [LoginAndSignup] [           main] o.hibernate.jpa.internal.util.LogHelper  : HHH000204: Processing PersistenceUnitInfo [name: default]
2024-11-09T18:23:34.429+06:00  INFO 11704 --- [LoginAndSignup] [           main] org.hibernate.Version                    : HHH000412: Hibernate ORM core version 6.5.2.Final
2024-11-09T18:23:34.575+06:00  INFO 11704 --- [LoginAndSignup] [           main] o.h.c.internal.RegionFactoryInitiator    : HHH000026: Second-level cache disabled
2024-11-09T18:23:36.220+06:00  INFO 11704 --- [LoginAndSignup] [           main] o.s.o.j.p.SpringPersistenceUnitInfo      : No LoadTimeWeaver setup: ignoring JPA class transformer
2024-11-09T18:23:36.327+06:00  INFO 11704 --- [LoginAndSignup] [           main] com.zaxxer.hikari.HikariDataSource       : HikariPool-1 - Starting...
2024-11-09T18:23:38.804+06:00  INFO 11704 --- [LoginAndSignup] [           main] com.zaxxer.hikari.pool.HikariPool        : HikariPool-1 - Added connection org.postgresql.jdbc.PgConnection@7853363c
2024-11-09T18:23:38.809+06:00  INFO 11704 --- [LoginAndSignup] [           main] com.zaxxer.hikari.HikariDataSource       : HikariPool-1 - Start completed.
2024-11-09T18:23:38.960+06:00  WARN 11704 --- [LoginAndSignup] [           main] org.hibernate.orm.deprecation            : HHH90000025: PostgreSQLDialect does not need to be specified explicitly using 'hibernate.dialect' (remove the property setting and it will be selected by default)
2024-11-09T18:23:41.718+06:00  INFO 11704 --- [LoginAndSignup] [           main] o.h.e.t.j.p.i.JtaPlatformInitiator       : HHH000489: No JTA platform available (set 'hibernate.transaction.jta.platform' to enable JTA platform integration)
Hibernate: alter table if exists images alter column id set data type integer
2024-11-09T18:23:42.767+06:00  INFO 11704 --- [LoginAndSignup] [           main] j.LocalContainerEntityManagerFactoryBean : Initialized JPA EntityManagerFactory for persistence unit 'default'
2024-11-09T18:23:43.861+06:00  INFO 11704 --- [LoginAndSignup] [           main] eAuthenticationProviderManagerConfigurer : Global AuthenticationManager configured with AuthenticationProvider bean with name authenticationProvider
2024-11-09T18:23:43.862+06:00  WARN 11704 --- [LoginAndSignup] [           main] r$InitializeUserDetailsManagerConfigurer : Global AuthenticationManager configured with an AuthenticationProvider bean. UserDetailsService beans will not be used for username/password login. Consider removing the AuthenticationProvider bean. Alternatively, consider using the UserDetailsService in a manually instantiated DaoAuthenticationProvider.
2024-11-09T18:23:45.799+06:00  INFO 11704 --- [LoginAndSignup] [           main] o.s.s.web.DefaultSecurityFilterChain     : Will secure any request with [org.springframework.security.web.session.DisableEncodeUrlFilter@96271d8, org.springframework.security.web.context.request.async.WebAsyncManagerIntegrationFilter@15f3f9cf, org.springframework.security.web.context.SecurityContextHolderFilter@36e9fd4f, org.springframework.security.web.header.HeaderWriterFilter@7b6c3b37, org.springframework.web.filter.CorsFilter@7b8d1537, org.springframework.security.web.authentication.logout.LogoutFilter@57f9f387, com.securitygateway.loginandsignup.security.JwtAuthenticationFilter@2b30b25f, org.springframework.security.web.savedrequest.RequestCacheAwareFilter@8b727cb, org.springframework.security.web.servletapi.SecurityContextHolderAwareRequestFilter@309ac89e, org.springframework.security.web.authentication.AnonymousAuthenticationFilter@497cf31a, org.springframework.security.web.session.SessionManagementFilter@2fad50f2, org.springframework.security.web.access.ExceptionTranslationFilter@46ee9cfd, org.springframework.security.web.access.intercept.AuthorizationFilter@7fec6c2f]
2024-11-09T18:23:47.823+06:00  INFO 11704 --- [LoginAndSignup] [           main] c.s.l.LoginAndSignupApplicationTests     : Started LoginAndSignupApplicationTests in 23.703 seconds (process running for 31.887)
]]></system-out>
  </testcase>
</testsuite>